<?xml version="1.0" encoding="UTF-8"?>
<!-- Generated by org.testng.reporters.JUnitXMLReporter -->
<testsuite ignored="0" hostname="DESKTOP-E6UICSN" failures="0" tests="3" name="Test" time="10.701" errors="0" timestamp="2026-03-07T11:49:13 IST">
  <testcase classname="practise.Firsttestcase" name="openGoogle" time="1.41"/>
  <testcase classname="practise.Firsttestcase" name="typeYouTubeInSearchBar" time="2.868"/>
  <testcase classname="practise.Firsttestcase" name="clickFirstYouTubeLink" time="6.407"/>
</testsuite> <!-- Test -->
