<?xml version="1.0" encoding="UTF-8"?>
<!-- Generated by org.testng.reporters.JUnitXMLReporter -->
<testsuite ignored="0" hostname="DESKTOP-E6UICSN" failures="0" tests="3" name="Test" time="9.951" errors="0" timestamp="2026-03-07T11:49:39 IST">
  <testcase classname="practise.Firsttestcase" name="openGoogle" time="0.726"/>
  <testcase classname="practise.Firsttestcase" name="typeYouTubeInSearchBar" time="1.56"/>
  <testcase classname="practise.Firsttestcase" name="clickFirstYouTubeLink" time="6.146"/>
</testsuite> <!-- Test -->
