<?xml version="1.0" encoding="UTF-8"?>
<testng-results ignored="0" total="3" passed="3" failed="0" skipped="0">
  <reporter-output>
  </reporter-output>
  <suite started-at="2026-03-07T11:49:03 IST" name="Suite" finished-at="2026-03-07T11:49:13 IST" duration-ms="10701">
    <groups>
    </groups>
    <test started-at="2026-03-07T11:49:03 IST" name="Test" finished-at="2026-03-07T11:49:13 IST" duration-ms="10701">
      <class name="practise.Firsttestcase">
        <test-method is-config="true" signature="setUp()[pri:0, instance:practise.Firsttestcase@5e0826e7]" started-at="2026-03-07T11:49:03 IST" name="setUp" finished-at="2026-03-07T11:49:07 IST" duration-ms="3747" status="PASS">
          <reporter-output>
          </reporter-output>
        </test-method> <!-- setUp -->
        <test-method signature="clickFirstYouTubeLink()[pri:3, instance:practise.Firsttestcase@5e0826e7]" started-at="2026-03-07T11:49:07 IST" name="clickFirstYouTubeLink" finished-at="2026-03-07T11:49:13 IST" duration-ms="6407" status="PASS">
          <reporter-output>
          </reporter-output>
        </test-method> <!-- clickFirstYouTubeLink -->
        <test-method signature="openGoogle()[pri:1, instance:practise.Firsttestcase@5e0826e7]" started-at="2026-03-07T11:49:07 IST" name="openGoogle" finished-at="2026-03-07T11:49:08 IST" duration-ms="1410" status="PASS">
          <reporter-output>
          </reporter-output>
        </test-method> <!-- openGoogle -->
        <test-method signature="typeYouTubeInSearchBar()[pri:2, instance:practise.Firsttestcase@5e0826e7]" started-at="2026-03-07T11:49:07 IST" name="typeYouTubeInSearchBar" finished-at="2026-03-07T11:49:10 IST" duration-ms="2868" status="PASS">
          <reporter-output>
          </reporter-output>
        </test-method> <!-- typeYouTubeInSearchBar -->
        <test-method is-config="true" signature="tearDown()[pri:0, instance:practise.Firsttestcase@5e0826e7]" started-at="2026-03-07T11:49:13 IST" name="tearDown" finished-at="2026-03-07T11:49:13 IST" duration-ms="370" status="PASS">
          <reporter-output>
          </reporter-output>
        </test-method> <!-- tearDown -->
      </class> <!-- practise.Firsttestcase -->
    </test> <!-- Test -->
  </suite> <!-- Suite -->
</testng-results>
