<?xml version="1.0" encoding="UTF-8"?>
<!-- Generated by org.testng.reporters.JUnitReportReporter -->
<testsuite hostname="DESKTOP-E6UICSN" failures="0" tests="3" name="practise.Firsttestcase" time="10.685" errors="0" timestamp="2026-03-07T11:49:14 IST" skipped="0">
  <testcase classname="practise.Firsttestcase" name="openGoogle" time="1.410"/>
  <testcase classname="practise.Firsttestcase" name="typeYouTubeInSearchBar" time="2.868"/>
  <testcase classname="practise.Firsttestcase" name="clickFirstYouTubeLink" time="6.407"/>
</testsuite> <!-- practise.Firsttestcase -->
