<?xml version="1.0" encoding="UTF-8"?>
<!-- Generated by org.testng.reporters.JUnitReportReporter -->
<testsuite hostname="DESKTOP-E6UICSN" failures="0" tests="3" name="practise.Firsttestcase" time="8.432" errors="0" timestamp="2026-03-07T11:49:39 IST" skipped="0">
  <testcase classname="practise.Firsttestcase" name="openGoogle" time="0.726"/>
  <testcase classname="practise.Firsttestcase" name="typeYouTubeInSearchBar" time="1.560"/>
  <testcase classname="practise.Firsttestcase" name="clickFirstYouTubeLink" time="6.146"/>
</testsuite> <!-- practise.Firsttestcase -->
